[2017-08-29 16:58:47:780] [ERROR] main com.aridity.basic.service.CustomerService CustomerService.java 71 获取数据库连接失败 
java.sql.SQLException: Column 'contract' not found.
	at com.mysql.jdbc.SQLError.createSQLException(SQLError.java:964)
	at com.mysql.jdbc.SQLError.createSQLException(SQLError.java:897)
	at com.mysql.jdbc.SQLError.createSQLException(SQLError.java:886)
	at com.mysql.jdbc.SQLError.createSQLException(SQLError.java:860)
	at com.mysql.jdbc.ResultSetImpl.findColumn(ResultSetImpl.java:1077)
	at com.mysql.jdbc.ResultSetImpl.getString(ResultSetImpl.java:5190)
	at com.aridity.basic.service.CustomerService.getCustomers(CustomerService.java:64)
	at com.aridity.basic.service.CustomerServiceTest.testGetCustomers(CustomerServiceTest.java:40)
	at sun.reflect.NativeMethodAccessorImpl.invoke0(Native Method)
	at sun.reflect.NativeMethodAccessorImpl.invoke(NativeMethodAccessorImpl.java:62)
	at sun.reflect.DelegatingMethodAccessorImpl.invoke(DelegatingMethodAccessorImpl.java:43)
	at java.lang.reflect.Method.invoke(Method.java:498)
	at org.junit.runners.model.FrameworkMethod$1.runReflectiveCall(FrameworkMethod.java:50)
	at org.junit.internal.runners.model.ReflectiveCallable.run(ReflectiveCallable.java:12)
	at org.junit.runners.model.FrameworkMethod.invokeExplosively(FrameworkMethod.java:47)
	at org.junit.internal.runners.statements.InvokeMethod.evaluate(InvokeMethod.java:17)
	at org.junit.internal.runners.statements.RunBefores.evaluate(RunBefores.java:26)
	at org.junit.internal.runners.statements.RunAfters.evaluate(RunAfters.java:27)
	at org.junit.runners.ParentRunner.runLeaf(ParentRunner.java:325)
	at org.junit.runners.BlockJUnit4ClassRunner.runChild(BlockJUnit4ClassRunner.java:78)
	at org.junit.runners.BlockJUnit4ClassRunner.runChild(BlockJUnit4ClassRunner.java:57)
	at org.junit.runners.ParentRunner$3.run(ParentRunner.java:290)
	at org.junit.runners.ParentRunner$1.schedule(ParentRunner.java:71)
	at org.junit.runners.ParentRunner.runChildren(ParentRunner.java:288)
	at org.junit.runners.ParentRunner.access$000(ParentRunner.java:58)
	at org.junit.runners.ParentRunner$2.evaluate(ParentRunner.java:268)
	at org.junit.runners.ParentRunner.run(ParentRunner.java:363)
	at org.junit.runner.JUnitCore.run(JUnitCore.java:137)
	at com.intellij.junit4.JUnit4IdeaTestRunner.startRunnerWithArgs(JUnit4IdeaTestRunner.java:68)
	at com.intellij.rt.execution.junit.IdeaTestRunner$Repeater.startRunnerWithArgs(IdeaTestRunner.java:51)
	at com.intellij.rt.execution.junit.JUnitStarter.prepareStreamsAndStart(JUnitStarter.java:237)
	at com.intellij.rt.execution.junit.JUnitStarter.main(JUnitStarter.java:70)
	at sun.reflect.NativeMethodAccessorImpl.invoke0(Native Method)
	at sun.reflect.NativeMethodAccessorImpl.invoke(NativeMethodAccessorImpl.java:62)
	at sun.reflect.DelegatingMethodAccessorImpl.invoke(DelegatingMethodAccessorImpl.java:43)
	at java.lang.reflect.Method.invoke(Method.java:498)
	at com.intellij.rt.execution.application.AppMain.main(AppMain.java:147)
[2017-08-29 16:59:37:893] [INFO] main com.aridity.basic.service.CustomerServiceTest CustomerServiceTest.java 42 打印对象 com.aridity.basic.model.Customer@2d6e8792 
[2017-08-29 16:59:37:895] [INFO] main com.aridity.basic.service.CustomerServiceTest CustomerServiceTest.java 42 打印对象 com.aridity.basic.model.Customer@6442b0a6 
[2017-08-29 17:00:13:822] [INFO] main com.aridity.basic.service.CustomerServiceTest CustomerServiceTest.java 42 打印对象 Customer{id=1, name='customer1', contact='jack', telephone='null', email='jack@gmail.com', remark='null'} 
[2017-08-29 17:00:13:824] [INFO] main com.aridity.basic.service.CustomerServiceTest CustomerServiceTest.java 42 打印对象 Customer{id=2, name='customer2', contact='rose', telephone='null', email='rose@gmail', remark='null'} 
[2017-08-29 17:12:55:073] [INFO] main com.aridity.basic.service.CustomerServiceTest CustomerServiceTest.java 42 打印对象 Customer{id=1, name='customer1', contact='jack', telephone='null', email='jack@gmail.com', remark='null'} 
[2017-08-29 17:12:55:075] [INFO] main com.aridity.basic.service.CustomerServiceTest CustomerServiceTest.java 42 打印对象 Customer{id=2, name='customer2', contact='rose', telephone='null', email='rose@gmail', remark='null'} 
[2017-08-29 17:14:53:510] [INFO] main com.aridity.basic.service.CustomerServiceTest CustomerServiceTest.java 42 打印对象 Customer{id=1, name='customer1', contact='jack', telephone='13565982564', email='jack@gmail.com', remark='null'} 
[2017-08-29 17:14:53:512] [INFO] main com.aridity.basic.service.CustomerServiceTest CustomerServiceTest.java 42 打印对象 Customer{id=2, name='customer2', contact='rose', telephone='158654539654', email='rose@gmail', remark='null'} 
[2017-08-30 10:31:17:713] [INFO] main com.aridity.basic.service.CustomerServiceTest CustomerServiceTest.java 52 打印对象 Customer{id=1, name='customer1', contact='jack', telephone='13565982564', email='jack@gmail.com', remark='null'} 
[2017-08-30 11:44:08:876] [INFO] main com.aridity.basic.service.CustomerServiceTest CustomerServiceTest.java 42 打印对象 Customer{id=1, name='customer1', contact='jack', telephone='13565982564', email='jack@gmail.com', remark='null'} 
[2017-08-30 11:44:08:879] [INFO] main com.aridity.basic.service.CustomerServiceTest CustomerServiceTest.java 42 打印对象 Customer{id=2, name='customer2', contact='rose', telephone='158654539654', email='rose@gmail', remark='null'} 
[2017-08-30 11:44:36:744] [ERROR] main com.aridity.basic.utils.DatabaseHelper DatabaseHelper.java 91 查询数据失败 
java.sql.SQLException: Wrong number of parameters: expected 0, was given 1 Query: select * from customer Parameters: [{id=1}]
	at org.apache.commons.dbutils.AbstractQueryRunner.rethrow(AbstractQueryRunner.java:527)
	at org.apache.commons.dbutils.QueryRunner.query(QueryRunner.java:391)
	at org.apache.commons.dbutils.QueryRunner.query(QueryRunner.java:252)
	at com.aridity.basic.utils.DatabaseHelper.queryEntity(DatabaseHelper.java:89)
	at com.aridity.basic.service.CustomerService.getCustomer(CustomerService.java:46)
	at com.aridity.basic.service.CustomerServiceTest.testGetCustomer(CustomerServiceTest.java:51)
	at sun.reflect.NativeMethodAccessorImpl.invoke0(Native Method)
	at sun.reflect.NativeMethodAccessorImpl.invoke(NativeMethodAccessorImpl.java:62)
	at sun.reflect.DelegatingMethodAccessorImpl.invoke(DelegatingMethodAccessorImpl.java:43)
	at java.lang.reflect.Method.invoke(Method.java:498)
	at org.junit.runners.model.FrameworkMethod$1.runReflectiveCall(FrameworkMethod.java:50)
	at org.junit.internal.runners.model.ReflectiveCallable.run(ReflectiveCallable.java:12)
	at org.junit.runners.model.FrameworkMethod.invokeExplosively(FrameworkMethod.java:47)
	at org.junit.internal.runners.statements.InvokeMethod.evaluate(InvokeMethod.java:17)
	at org.junit.internal.runners.statements.RunBefores.evaluate(RunBefores.java:26)
	at org.junit.internal.runners.statements.RunAfters.evaluate(RunAfters.java:27)
	at org.junit.runners.ParentRunner.runLeaf(ParentRunner.java:325)
	at org.junit.runners.BlockJUnit4ClassRunner.runChild(BlockJUnit4ClassRunner.java:78)
	at org.junit.runners.BlockJUnit4ClassRunner.runChild(BlockJUnit4ClassRunner.java:57)
	at org.junit.runners.ParentRunner$3.run(ParentRunner.java:290)
	at org.junit.runners.ParentRunner$1.schedule(ParentRunner.java:71)
	at org.junit.runners.ParentRunner.runChildren(ParentRunner.java:288)
	at org.junit.runners.ParentRunner.access$000(ParentRunner.java:58)
	at org.junit.runners.ParentRunner$2.evaluate(ParentRunner.java:268)
	at org.junit.runners.ParentRunner.run(ParentRunner.java:363)
	at org.junit.runner.JUnitCore.run(JUnitCore.java:137)
	at com.intellij.junit4.JUnit4IdeaTestRunner.startRunnerWithArgs(JUnit4IdeaTestRunner.java:68)
	at com.intellij.rt.execution.junit.IdeaTestRunner$Repeater.startRunnerWithArgs(IdeaTestRunner.java:51)
	at com.intellij.rt.execution.junit.JUnitStarter.prepareStreamsAndStart(JUnitStarter.java:237)
	at com.intellij.rt.execution.junit.JUnitStarter.main(JUnitStarter.java:70)
	at sun.reflect.NativeMethodAccessorImpl.invoke0(Native Method)
	at sun.reflect.NativeMethodAccessorImpl.invoke(NativeMethodAccessorImpl.java:62)
	at sun.reflect.DelegatingMethodAccessorImpl.invoke(DelegatingMethodAccessorImpl.java:43)
	at java.lang.reflect.Method.invoke(Method.java:498)
	at com.intellij.rt.execution.application.AppMain.main(AppMain.java:147)
[2017-08-30 11:44:36:750] [INFO] main com.aridity.basic.service.CustomerServiceTest CustomerServiceTest.java 52 打印对象 null 
[2017-08-30 11:45:45:116] [INFO] main com.aridity.basic.service.CustomerServiceTest CustomerServiceTest.java 52 打印对象 null 
[2017-08-30 13:30:27:187] [INFO] main com.aridity.basic.service.CustomerServiceTest CustomerServiceTest.java 55 打印对象 null 
[2017-08-30 13:34:13:622] [INFO] main com.aridity.basic.utils.DatabaseHelper DatabaseHelper.java 115 打印sql 语句 insert into customer(id)VALUES(?) 
[2017-08-30 13:34:40:303] [INFO] main com.aridity.basic.utils.DatabaseHelper DatabaseHelper.java 151 打印sql 语句 delete fromcustomerwhere id = d 
[2017-08-30 13:34:40:567] [ERROR] main com.aridity.basic.utils.DatabaseHelper DatabaseHelper.java 165 执行sql 语句异常 
java.sql.SQLException: Wrong number of parameters: expected 0, was given 1 Query: delete fromcustomerwhere id = d Parameters: [1]
	at org.apache.commons.dbutils.AbstractQueryRunner.rethrow(AbstractQueryRunner.java:527)
	at org.apache.commons.dbutils.QueryRunner.execute(QueryRunner.java:890)
	at org.apache.commons.dbutils.QueryRunner.execute(QueryRunner.java:772)
	at com.aridity.basic.utils.DatabaseHelper.executeUpdate(DatabaseHelper.java:163)
	at com.aridity.basic.utils.DatabaseHelper.deleteEntity(DatabaseHelper.java:152)
	at com.aridity.basic.service.CustomerService.deleteCustomer(CustomerService.java:61)
	at com.aridity.basic.service.CustomerServiceTest.testDeleteCustomer(CustomerServiceTest.java:86)
	at sun.reflect.NativeMethodAccessorImpl.invoke0(Native Method)
	at sun.reflect.NativeMethodAccessorImpl.invoke(NativeMethodAccessorImpl.java:62)
	at sun.reflect.DelegatingMethodAccessorImpl.invoke(DelegatingMethodAccessorImpl.java:43)
	at java.lang.reflect.Method.invoke(Method.java:498)
	at org.junit.runners.model.FrameworkMethod$1.runReflectiveCall(FrameworkMethod.java:50)
	at org.junit.internal.runners.model.ReflectiveCallable.run(ReflectiveCallable.java:12)
	at org.junit.runners.model.FrameworkMethod.invokeExplosively(FrameworkMethod.java:47)
	at org.junit.internal.runners.statements.InvokeMethod.evaluate(InvokeMethod.java:17)
	at org.junit.internal.runners.statements.RunBefores.evaluate(RunBefores.java:26)
	at org.junit.internal.runners.statements.RunAfters.evaluate(RunAfters.java:27)
	at org.junit.runners.ParentRunner.runLeaf(ParentRunner.java:325)
	at org.junit.runners.BlockJUnit4ClassRunner.runChild(BlockJUnit4ClassRunner.java:78)
	at org.junit.runners.BlockJUnit4ClassRunner.runChild(BlockJUnit4ClassRunner.java:57)
	at org.junit.runners.ParentRunner$3.run(ParentRunner.java:290)
	at org.junit.runners.ParentRunner$1.schedule(ParentRunner.java:71)
	at org.junit.runners.ParentRunner.runChildren(ParentRunner.java:288)
	at org.junit.runners.ParentRunner.access$000(ParentRunner.java:58)
	at org.junit.runners.ParentRunner$2.evaluate(ParentRunner.java:268)
	at org.junit.runners.ParentRunner.run(ParentRunner.java:363)
	at org.junit.runner.JUnitCore.run(JUnitCore.java:137)
	at com.intellij.junit4.JUnit4IdeaTestRunner.startRunnerWithArgs(JUnit4IdeaTestRunner.java:68)
	at com.intellij.rt.execution.junit.IdeaTestRunner$Repeater.startRunnerWithArgs(IdeaTestRunner.java:51)
	at com.intellij.rt.execution.junit.JUnitStarter.prepareStreamsAndStart(JUnitStarter.java:237)
	at com.intellij.rt.execution.junit.JUnitStarter.main(JUnitStarter.java:70)
	at sun.reflect.NativeMethodAccessorImpl.invoke0(Native Method)
	at sun.reflect.NativeMethodAccessorImpl.invoke(NativeMethodAccessorImpl.java:62)
	at sun.reflect.DelegatingMethodAccessorImpl.invoke(DelegatingMethodAccessorImpl.java:43)
	at java.lang.reflect.Method.invoke(Method.java:498)
	at com.intellij.rt.execution.application.AppMain.main(AppMain.java:147)
[2017-08-30 13:36:54:132] [INFO] main com.aridity.basic.utils.DatabaseHelper DatabaseHelper.java 149 打印sql 语句 delete from customer where id = ?and 
[2017-08-30 13:36:54:134] [INFO] main com.aridity.basic.utils.DatabaseHelper DatabaseHelper.java 151 打印sql 语句 delete from customer where id = d 
[2017-08-30 13:36:54:387] [ERROR] main com.aridity.basic.utils.DatabaseHelper DatabaseHelper.java 165 执行sql 语句异常 
java.sql.SQLException: Wrong number of parameters: expected 0, was given 1 Query: delete from customer where id = d Parameters: [1]
	at org.apache.commons.dbutils.AbstractQueryRunner.rethrow(AbstractQueryRunner.java:527)
	at org.apache.commons.dbutils.QueryRunner.execute(QueryRunner.java:890)
	at org.apache.commons.dbutils.QueryRunner.execute(QueryRunner.java:772)
	at com.aridity.basic.utils.DatabaseHelper.executeUpdate(DatabaseHelper.java:163)
	at com.aridity.basic.utils.DatabaseHelper.deleteEntity(DatabaseHelper.java:152)
	at com.aridity.basic.service.CustomerService.deleteCustomer(CustomerService.java:61)
	at com.aridity.basic.service.CustomerServiceTest.testDeleteCustomer(CustomerServiceTest.java:86)
	at sun.reflect.NativeMethodAccessorImpl.invoke0(Native Method)
	at sun.reflect.NativeMethodAccessorImpl.invoke(NativeMethodAccessorImpl.java:62)
	at sun.reflect.DelegatingMethodAccessorImpl.invoke(DelegatingMethodAccessorImpl.java:43)
	at java.lang.reflect.Method.invoke(Method.java:498)
	at org.junit.runners.model.FrameworkMethod$1.runReflectiveCall(FrameworkMethod.java:50)
	at org.junit.internal.runners.model.ReflectiveCallable.run(ReflectiveCallable.java:12)
	at org.junit.runners.model.FrameworkMethod.invokeExplosively(FrameworkMethod.java:47)
	at org.junit.internal.runners.statements.InvokeMethod.evaluate(InvokeMethod.java:17)
	at org.junit.internal.runners.statements.RunBefores.evaluate(RunBefores.java:26)
	at org.junit.internal.runners.statements.RunAfters.evaluate(RunAfters.java:27)
	at org.junit.runners.ParentRunner.runLeaf(ParentRunner.java:325)
	at org.junit.runners.BlockJUnit4ClassRunner.runChild(BlockJUnit4ClassRunner.java:78)
	at org.junit.runners.BlockJUnit4ClassRunner.runChild(BlockJUnit4ClassRunner.java:57)
	at org.junit.runners.ParentRunner$3.run(ParentRunner.java:290)
	at org.junit.runners.ParentRunner$1.schedule(ParentRunner.java:71)
	at org.junit.runners.ParentRunner.runChildren(ParentRunner.java:288)
	at org.junit.runners.ParentRunner.access$000(ParentRunner.java:58)
	at org.junit.runners.ParentRunner$2.evaluate(ParentRunner.java:268)
	at org.junit.runners.ParentRunner.run(ParentRunner.java:363)
	at org.junit.runner.JUnitCore.run(JUnitCore.java:137)
	at com.intellij.junit4.JUnit4IdeaTestRunner.startRunnerWithArgs(JUnit4IdeaTestRunner.java:68)
	at com.intellij.rt.execution.junit.IdeaTestRunner$Repeater.startRunnerWithArgs(IdeaTestRunner.java:51)
	at com.intellij.rt.execution.junit.JUnitStarter.prepareStreamsAndStart(JUnitStarter.java:237)
	at com.intellij.rt.execution.junit.JUnitStarter.main(JUnitStarter.java:70)
	at sun.reflect.NativeMethodAccessorImpl.invoke0(Native Method)
	at sun.reflect.NativeMethodAccessorImpl.invoke(NativeMethodAccessorImpl.java:62)
	at sun.reflect.DelegatingMethodAccessorImpl.invoke(DelegatingMethodAccessorImpl.java:43)
	at java.lang.reflect.Method.invoke(Method.java:498)
	at com.intellij.rt.execution.application.AppMain.main(AppMain.java:147)
[2017-08-30 13:37:08:987] [INFO] main com.aridity.basic.utils.DatabaseHelper DatabaseHelper.java 149 打印sql 语句 delete from customer where id = ? and 
[2017-08-30 13:37:08:991] [INFO] main com.aridity.basic.utils.DatabaseHelper DatabaseHelper.java 151 打印sql 语句 delete from customer where id = ?d 
[2017-08-30 13:37:09:304] [ERROR] main com.aridity.basic.utils.DatabaseHelper DatabaseHelper.java 165 执行sql 语句异常 
java.sql.SQLException: Unknown column '1d' in 'where clause' Query: delete from customer where id = ?d Parameters: [1]
	at org.apache.commons.dbutils.AbstractQueryRunner.rethrow(AbstractQueryRunner.java:527)
	at org.apache.commons.dbutils.QueryRunner.execute(QueryRunner.java:890)
	at org.apache.commons.dbutils.QueryRunner.execute(QueryRunner.java:772)
	at com.aridity.basic.utils.DatabaseHelper.executeUpdate(DatabaseHelper.java:163)
	at com.aridity.basic.utils.DatabaseHelper.deleteEntity(DatabaseHelper.java:152)
	at com.aridity.basic.service.CustomerService.deleteCustomer(CustomerService.java:61)
	at com.aridity.basic.service.CustomerServiceTest.testDeleteCustomer(CustomerServiceTest.java:86)
	at sun.reflect.NativeMethodAccessorImpl.invoke0(Native Method)
	at sun.reflect.NativeMethodAccessorImpl.invoke(NativeMethodAccessorImpl.java:62)
	at sun.reflect.DelegatingMethodAccessorImpl.invoke(DelegatingMethodAccessorImpl.java:43)
	at java.lang.reflect.Method.invoke(Method.java:498)
	at org.junit.runners.model.FrameworkMethod$1.runReflectiveCall(FrameworkMethod.java:50)
	at org.junit.internal.runners.model.ReflectiveCallable.run(ReflectiveCallable.java:12)
	at org.junit.runners.model.FrameworkMethod.invokeExplosively(FrameworkMethod.java:47)
	at org.junit.internal.runners.statements.InvokeMethod.evaluate(InvokeMethod.java:17)
	at org.junit.internal.runners.statements.RunBefores.evaluate(RunBefores.java:26)
	at org.junit.internal.runners.statements.RunAfters.evaluate(RunAfters.java:27)
	at org.junit.runners.ParentRunner.runLeaf(ParentRunner.java:325)
	at org.junit.runners.BlockJUnit4ClassRunner.runChild(BlockJUnit4ClassRunner.java:78)
	at org.junit.runners.BlockJUnit4ClassRunner.runChild(BlockJUnit4ClassRunner.java:57)
	at org.junit.runners.ParentRunner$3.run(ParentRunner.java:290)
	at org.junit.runners.ParentRunner$1.schedule(ParentRunner.java:71)
	at org.junit.runners.ParentRunner.runChildren(ParentRunner.java:288)
	at org.junit.runners.ParentRunner.access$000(ParentRunner.java:58)
	at org.junit.runners.ParentRunner$2.evaluate(ParentRunner.java:268)
	at org.junit.runners.ParentRunner.run(ParentRunner.java:363)
	at org.junit.runner.JUnitCore.run(JUnitCore.java:137)
	at com.intellij.junit4.JUnit4IdeaTestRunner.startRunnerWithArgs(JUnit4IdeaTestRunner.java:68)
	at com.intellij.rt.execution.junit.IdeaTestRunner$Repeater.startRunnerWithArgs(IdeaTestRunner.java:51)
	at com.intellij.rt.execution.junit.JUnitStarter.prepareStreamsAndStart(JUnitStarter.java:237)
	at com.intellij.rt.execution.junit.JUnitStarter.main(JUnitStarter.java:70)
	at sun.reflect.NativeMethodAccessorImpl.invoke0(Native Method)
	at sun.reflect.NativeMethodAccessorImpl.invoke(NativeMethodAccessorImpl.java:62)
	at sun.reflect.DelegatingMethodAccessorImpl.invoke(DelegatingMethodAccessorImpl.java:43)
	at java.lang.reflect.Method.invoke(Method.java:498)
	at com.intellij.rt.execution.application.AppMain.main(AppMain.java:147)
[2017-08-30 13:37:31:165] [INFO] main com.aridity.basic.utils.DatabaseHelper DatabaseHelper.java 149 打印sql 语句 delete from customer where id = ? and 
[2017-08-30 13:37:31:168] [INFO] main com.aridity.basic.utils.DatabaseHelper DatabaseHelper.java 151 打印sql 语句 delete from customer where id = ? 
[2017-08-30 13:38:00:839] [INFO] main com.aridity.basic.utils.DatabaseHelper DatabaseHelper.java 149 打印sql 语句 delete from customer where id = ? and 
[2017-08-30 13:38:00:841] [INFO] main com.aridity.basic.utils.DatabaseHelper DatabaseHelper.java 151 打印sql 语句 delete from customer where id = ? 
[2017-08-30 13:38:33:939] [INFO] main com.aridity.basic.utils.DatabaseHelper DatabaseHelper.java 149 打印sql 语句 delete from customer where id = ? and 
[2017-08-30 13:38:33:941] [INFO] main com.aridity.basic.utils.DatabaseHelper DatabaseHelper.java 151 打印sql 语句 delete from customer where id = ? 
[2017-08-30 13:39:20:138] [INFO] main com.aridity.basic.utils.DatabaseHelper DatabaseHelper.java 149 打印sql 语句 delete from customer where id = ? and 
[2017-08-30 13:39:20:141] [INFO] main com.aridity.basic.utils.DatabaseHelper DatabaseHelper.java 151 打印sql 语句 delete from customer where id = ? 
[2017-08-30 13:43:07:560] [INFO] main com.aridity.basic.utils.DatabaseHelper DatabaseHelper.java 115 打印sql 语句 insert into customer(id)VALUES(?) 
[2017-08-30 13:43:07:830] [ERROR] main com.aridity.basic.utils.DatabaseHelper DatabaseHelper.java 165 执行sql 语句异常 
java.sql.SQLException: Duplicate entry '3' for key 'PRIMARY' Query: insert into customer(id)VALUES(?) Parameters: [3]
	at org.apache.commons.dbutils.AbstractQueryRunner.rethrow(AbstractQueryRunner.java:527)
	at org.apache.commons.dbutils.QueryRunner.execute(QueryRunner.java:890)
	at org.apache.commons.dbutils.QueryRunner.execute(QueryRunner.java:772)
	at com.aridity.basic.utils.DatabaseHelper.executeUpdate(DatabaseHelper.java:163)
	at com.aridity.basic.utils.DatabaseHelper.insertEntity(DatabaseHelper.java:116)
	at com.aridity.basic.service.CustomerService.createCustomer(CustomerService.java:51)
	at com.aridity.basic.service.CustomerServiceTest.testCreateCustomer(CustomerServiceTest.java:65)
	at sun.reflect.NativeMethodAccessorImpl.invoke0(Native Method)
	at sun.reflect.NativeMethodAccessorImpl.invoke(NativeMethodAccessorImpl.java:62)
	at sun.reflect.DelegatingMethodAccessorImpl.invoke(DelegatingMethodAccessorImpl.java:43)
	at java.lang.reflect.Method.invoke(Method.java:498)
	at org.junit.runners.model.FrameworkMethod$1.runReflectiveCall(FrameworkMethod.java:50)
	at org.junit.internal.runners.model.ReflectiveCallable.run(ReflectiveCallable.java:12)
	at org.junit.runners.model.FrameworkMethod.invokeExplosively(FrameworkMethod.java:47)
	at org.junit.internal.runners.statements.InvokeMethod.evaluate(InvokeMethod.java:17)
	at org.junit.internal.runners.statements.RunBefores.evaluate(RunBefores.java:26)
	at org.junit.internal.runners.statements.RunAfters.evaluate(RunAfters.java:27)
	at org.junit.runners.ParentRunner.runLeaf(ParentRunner.java:325)
	at org.junit.runners.BlockJUnit4ClassRunner.runChild(BlockJUnit4ClassRunner.java:78)
	at org.junit.runners.BlockJUnit4ClassRunner.runChild(BlockJUnit4ClassRunner.java:57)
	at org.junit.runners.ParentRunner$3.run(ParentRunner.java:290)
	at org.junit.runners.ParentRunner$1.schedule(ParentRunner.java:71)
	at org.junit.runners.ParentRunner.runChildren(ParentRunner.java:288)
	at org.junit.runners.ParentRunner.access$000(ParentRunner.java:58)
	at org.junit.runners.ParentRunner$2.evaluate(ParentRunner.java:268)
	at org.junit.runners.ParentRunner.run(ParentRunner.java:363)
	at org.junit.runner.JUnitCore.run(JUnitCore.java:137)
	at com.intellij.junit4.JUnit4IdeaTestRunner.startRunnerWithArgs(JUnit4IdeaTestRunner.java:68)
	at com.intellij.rt.execution.junit.IdeaTestRunner$Repeater.startRunnerWithArgs(IdeaTestRunner.java:51)
	at com.intellij.rt.execution.junit.JUnitStarter.prepareStreamsAndStart(JUnitStarter.java:237)
	at com.intellij.rt.execution.junit.JUnitStarter.main(JUnitStarter.java:70)
	at sun.reflect.NativeMethodAccessorImpl.invoke0(Native Method)
	at sun.reflect.NativeMethodAccessorImpl.invoke(NativeMethodAccessorImpl.java:62)
	at sun.reflect.DelegatingMethodAccessorImpl.invoke(DelegatingMethodAccessorImpl.java:43)
	at java.lang.reflect.Method.invoke(Method.java:498)
	at com.intellij.rt.execution.application.AppMain.main(AppMain.java:147)
[2017-08-30 13:43:07:833] [INFO] main com.aridity.basic.service.CustomerServiceTest CustomerServiceTest.java 66 打印日志 ,删除是否成功 ：false 
[2017-08-30 13:44:04:421] [INFO] main com.aridity.basic.utils.DatabaseHelper DatabaseHelper.java 115 打印sql 语句 insert into customer(name,id)VALUES(?,?) 
[2017-08-30 13:44:04:680] [INFO] main com.aridity.basic.service.CustomerServiceTest CustomerServiceTest.java 67 打印日志 ,删除是否成功 ：true 
[2017-08-30 13:45:32:012] [INFO] main com.aridity.basic.utils.DatabaseHelper DatabaseHelper.java 115 打印sql 语句 insert into customer(contact,name,telephone,remark,email)VALUES(?,?,?,?,?) 
[2017-08-30 13:45:32:291] [INFO] main com.aridity.basic.service.CustomerServiceTest CustomerServiceTest.java 70 打印日志 ,删除是否成功 ：true 
[2017-08-30 13:46:08:137] [INFO] main com.aridity.basic.utils.DatabaseHelper DatabaseHelper.java 115 打印sql 语句 insert into customer(contact,name,telephone,remark,email)VALUES(?,?,?,?,?) 
[2017-08-30 13:46:08:412] [INFO] main com.aridity.basic.service.CustomerServiceTest CustomerServiceTest.java 70 打印日志 ,插入是否成功 ：true 
[2017-08-30 13:48:12:241] [INFO] main com.aridity.basic.utils.DatabaseHelper DatabaseHelper.java 134 打印sql 语句 updatecustomerset name = ?where id = ? 
[2017-08-30 13:48:12:493] [ERROR] main com.aridity.basic.utils.DatabaseHelper DatabaseHelper.java 166 执行sql 语句异常 
java.sql.SQLException: Wrong number of parameters: expected 2, was given 1 Query: updatecustomerset name = ?where id = ? Parameters: [123123]
	at org.apache.commons.dbutils.AbstractQueryRunner.rethrow(AbstractQueryRunner.java:527)
	at org.apache.commons.dbutils.QueryRunner.execute(QueryRunner.java:890)
	at org.apache.commons.dbutils.QueryRunner.execute(QueryRunner.java:772)
	at com.aridity.basic.utils.DatabaseHelper.executeUpdate(DatabaseHelper.java:164)
	at com.aridity.basic.utils.DatabaseHelper.updateEntity(DatabaseHelper.java:135)
	at com.aridity.basic.service.CustomerService.updateCustomer(CustomerService.java:55)
	at com.aridity.basic.service.CustomerServiceTest.testUpdateCustomer(CustomerServiceTest.java:80)
	at sun.reflect.NativeMethodAccessorImpl.invoke0(Native Method)
	at sun.reflect.NativeMethodAccessorImpl.invoke(NativeMethodAccessorImpl.java:62)
	at sun.reflect.DelegatingMethodAccessorImpl.invoke(DelegatingMethodAccessorImpl.java:43)
	at java.lang.reflect.Method.invoke(Method.java:498)
	at org.junit.runners.model.FrameworkMethod$1.runReflectiveCall(FrameworkMethod.java:50)
	at org.junit.internal.runners.model.ReflectiveCallable.run(ReflectiveCallable.java:12)
	at org.junit.runners.model.FrameworkMethod.invokeExplosively(FrameworkMethod.java:47)
	at org.junit.internal.runners.statements.InvokeMethod.evaluate(InvokeMethod.java:17)
	at org.junit.internal.runners.statements.RunBefores.evaluate(RunBefores.java:26)
	at org.junit.internal.runners.statements.RunAfters.evaluate(RunAfters.java:27)
	at org.junit.runners.ParentRunner.runLeaf(ParentRunner.java:325)
	at org.junit.runners.BlockJUnit4ClassRunner.runChild(BlockJUnit4ClassRunner.java:78)
	at org.junit.runners.BlockJUnit4ClassRunner.runChild(BlockJUnit4ClassRunner.java:57)
	at org.junit.runners.ParentRunner$3.run(ParentRunner.java:290)
	at org.junit.runners.ParentRunner$1.schedule(ParentRunner.java:71)
	at org.junit.runners.ParentRunner.runChildren(ParentRunner.java:288)
	at org.junit.runners.ParentRunner.access$000(ParentRunner.java:58)
	at org.junit.runners.ParentRunner$2.evaluate(ParentRunner.java:268)
	at org.junit.runners.ParentRunner.run(ParentRunner.java:363)
	at org.junit.runner.JUnitCore.run(JUnitCore.java:137)
	at com.intellij.junit4.JUnit4IdeaTestRunner.startRunnerWithArgs(JUnit4IdeaTestRunner.java:68)
	at com.intellij.rt.execution.junit.IdeaTestRunner$Repeater.startRunnerWithArgs(IdeaTestRunner.java:51)
	at com.intellij.rt.execution.junit.JUnitStarter.prepareStreamsAndStart(JUnitStarter.java:237)
	at com.intellij.rt.execution.junit.JUnitStarter.main(JUnitStarter.java:70)
	at sun.reflect.NativeMethodAccessorImpl.invoke0(Native Method)
	at sun.reflect.NativeMethodAccessorImpl.invoke(NativeMethodAccessorImpl.java:62)
	at sun.reflect.DelegatingMethodAccessorImpl.invoke(DelegatingMethodAccessorImpl.java:43)
	at java.lang.reflect.Method.invoke(Method.java:498)
	at com.intellij.rt.execution.application.AppMain.main(AppMain.java:147)
[2017-08-30 13:48:12:495] [INFO] main com.aridity.basic.service.CustomerServiceTest CustomerServiceTest.java 81 打印日志 ,删除是否成功 ：false 
[2017-08-30 13:48:48:692] [INFO] main com.aridity.basic.utils.DatabaseHelper DatabaseHelper.java 134 打印sql 语句 update customer set name = ? where id = ? 
[2017-08-30 13:48:48:953] [ERROR] main com.aridity.basic.utils.DatabaseHelper DatabaseHelper.java 166 执行sql 语句异常 
java.sql.SQLException: Wrong number of parameters: expected 2, was given 1 Query: update customer set name = ? where id = ? Parameters: [123123]
	at org.apache.commons.dbutils.AbstractQueryRunner.rethrow(AbstractQueryRunner.java:527)
	at org.apache.commons.dbutils.QueryRunner.execute(QueryRunner.java:890)
	at org.apache.commons.dbutils.QueryRunner.execute(QueryRunner.java:772)
	at com.aridity.basic.utils.DatabaseHelper.executeUpdate(DatabaseHelper.java:164)
	at com.aridity.basic.utils.DatabaseHelper.updateEntity(DatabaseHelper.java:135)
	at com.aridity.basic.service.CustomerService.updateCustomer(CustomerService.java:55)
	at com.aridity.basic.service.CustomerServiceTest.testUpdateCustomer(CustomerServiceTest.java:80)
	at sun.reflect.NativeMethodAccessorImpl.invoke0(Native Method)
	at sun.reflect.NativeMethodAccessorImpl.invoke(NativeMethodAccessorImpl.java:62)
	at sun.reflect.DelegatingMethodAccessorImpl.invoke(DelegatingMethodAccessorImpl.java:43)
	at java.lang.reflect.Method.invoke(Method.java:498)
	at org.junit.runners.model.FrameworkMethod$1.runReflectiveCall(FrameworkMethod.java:50)
	at org.junit.internal.runners.model.ReflectiveCallable.run(ReflectiveCallable.java:12)
	at org.junit.runners.model.FrameworkMethod.invokeExplosively(FrameworkMethod.java:47)
	at org.junit.internal.runners.statements.InvokeMethod.evaluate(InvokeMethod.java:17)
	at org.junit.internal.runners.statements.RunBefores.evaluate(RunBefores.java:26)
	at org.junit.internal.runners.statements.RunAfters.evaluate(RunAfters.java:27)
	at org.junit.runners.ParentRunner.runLeaf(ParentRunner.java:325)
	at org.junit.runners.BlockJUnit4ClassRunner.runChild(BlockJUnit4ClassRunner.java:78)
	at org.junit.runners.BlockJUnit4ClassRunner.runChild(BlockJUnit4ClassRunner.java:57)
	at org.junit.runners.ParentRunner$3.run(ParentRunner.java:290)
	at org.junit.runners.ParentRunner$1.schedule(ParentRunner.java:71)
	at org.junit.runners.ParentRunner.runChildren(ParentRunner.java:288)
	at org.junit.runners.ParentRunner.access$000(ParentRunner.java:58)
	at org.junit.runners.ParentRunner$2.evaluate(ParentRunner.java:268)
	at org.junit.runners.ParentRunner.run(ParentRunner.java:363)
	at org.junit.runner.JUnitCore.run(JUnitCore.java:137)
	at com.intellij.junit4.JUnit4IdeaTestRunner.startRunnerWithArgs(JUnit4IdeaTestRunner.java:68)
	at com.intellij.rt.execution.junit.IdeaTestRunner$Repeater.startRunnerWithArgs(IdeaTestRunner.java:51)
	at com.intellij.rt.execution.junit.JUnitStarter.prepareStreamsAndStart(JUnitStarter.java:237)
	at com.intellij.rt.execution.junit.JUnitStarter.main(JUnitStarter.java:70)
	at sun.reflect.NativeMethodAccessorImpl.invoke0(Native Method)
	at sun.reflect.NativeMethodAccessorImpl.invoke(NativeMethodAccessorImpl.java:62)
	at sun.reflect.DelegatingMethodAccessorImpl.invoke(DelegatingMethodAccessorImpl.java:43)
	at java.lang.reflect.Method.invoke(Method.java:498)
	at com.intellij.rt.execution.application.AppMain.main(AppMain.java:147)
[2017-08-30 13:48:48:956] [INFO] main com.aridity.basic.service.CustomerServiceTest CustomerServiceTest.java 81 打印日志 ,删除是否成功 ：false 
[2017-08-30 13:54:33:681] [INFO] main com.aridity.basic.utils.DatabaseHelper DatabaseHelper.java 151 打印sql 语句 delete from customer where id = ? and 
[2017-08-30 13:54:33:683] [INFO] main com.aridity.basic.utils.DatabaseHelper DatabaseHelper.java 153 打印sql 语句 delete from customer where id = ? 
[2017-08-30 13:54:33:932] [INFO] main com.aridity.basic.service.CustomerServiceTest CustomerServiceTest.java 92 打印日志 ,删除是否成功 ：false 
[2017-08-30 13:54:53:016] [INFO] main com.aridity.basic.utils.DatabaseHelper DatabaseHelper.java 151 打印sql 语句 delete from customer where id = ? and 
[2017-08-30 13:54:53:018] [INFO] main com.aridity.basic.utils.DatabaseHelper DatabaseHelper.java 153 打印sql 语句 delete from customer where id = ? 
[2017-08-30 13:54:53:278] [INFO] main com.aridity.basic.service.CustomerServiceTest CustomerServiceTest.java 92 打印日志 ,删除是否成功 ：false 
[2017-08-30 13:55:15:182] [INFO] main com.aridity.basic.utils.DatabaseHelper DatabaseHelper.java 151 打印sql 语句 delete from customer where id = ? and 
[2017-08-30 13:55:15:185] [INFO] main com.aridity.basic.utils.DatabaseHelper DatabaseHelper.java 153 打印sql 语句 delete from customer where id = ? 
[2017-08-30 13:55:15:464] [INFO] main com.aridity.basic.service.CustomerServiceTest CustomerServiceTest.java 90 打印日志 ,删除是否成功 ：true 
[2017-08-30 13:55:39:266] [INFO] main com.aridity.basic.utils.DatabaseHelper DatabaseHelper.java 151 打印sql 语句 delete from customer where id = ? and 
[2017-08-30 13:55:39:268] [INFO] main com.aridity.basic.utils.DatabaseHelper DatabaseHelper.java 153 打印sql 语句 delete from customer where id = ? 
[2017-08-30 13:55:39:518] [INFO] main com.aridity.basic.service.CustomerServiceTest CustomerServiceTest.java 90 打印日志 ,删除是否成功 ：true 
[2017-08-30 13:56:30:422] [INFO] main com.aridity.basic.utils.DatabaseHelper DatabaseHelper.java 135 打印sql 语句 update customer set name = ? where id = ? 
[2017-08-30 13:56:30:697] [INFO] main com.aridity.basic.service.CustomerServiceTest CustomerServiceTest.java 81 打印日志 ,修改是否成功 ：true 
[2017-08-30 13:58:52:282] [INFO] main com.aridity.basic.service.CustomerServiceTest CustomerServiceTest.java 45 打印对象 Customer{id=2, name='123123', contact='rose', telephone='158654539654', email='rose@gmail', remark='null'} 
[2017-08-30 13:58:52:284] [INFO] main com.aridity.basic.service.CustomerServiceTest CustomerServiceTest.java 45 打印对象 Customer{id=5, name='jack', contact='jack@', telephone='15164521358', email='15164521358@163.com', remark='15164521358@163.com'} 
[2017-08-30 13:58:52:285] [INFO] main com.aridity.basic.service.CustomerServiceTest CustomerServiceTest.java 45 打印对象 Customer{id=6, name='jack', contact='jack@', telephone='15164521358', email='15164521358@163.com', remark='15164521358@163.com test'} 
[2017-08-30 13:58:52:288] [INFO] main com.aridity.basic.utils.DatabaseHelper DatabaseHelper.java 135 打印sql 语句 update customer set name = ? where id = ? 
[2017-08-30 13:58:52:296] [ERROR] main com.aridity.basic.utils.DatabaseHelper DatabaseHelper.java 167 执行sql 语句异常 
java.sql.SQLException: No operations allowed after connection closed. Query: update customer set name = ? where id = ? Parameters: [123123, 2]
	at org.apache.commons.dbutils.AbstractQueryRunner.rethrow(AbstractQueryRunner.java:527)
	at org.apache.commons.dbutils.QueryRunner.execute(QueryRunner.java:890)
	at org.apache.commons.dbutils.QueryRunner.execute(QueryRunner.java:772)
	at com.aridity.basic.utils.DatabaseHelper.executeUpdate(DatabaseHelper.java:165)
	at com.aridity.basic.utils.DatabaseHelper.updateEntity(DatabaseHelper.java:136)
	at com.aridity.basic.service.CustomerService.updateCustomer(CustomerService.java:55)
	at com.aridity.basic.service.CustomerServiceTest.testUpdateCustomer(CustomerServiceTest.java:80)
	at sun.reflect.NativeMethodAccessorImpl.invoke0(Native Method)
	at sun.reflect.NativeMethodAccessorImpl.invoke(NativeMethodAccessorImpl.java:62)
	at sun.reflect.DelegatingMethodAccessorImpl.invoke(DelegatingMethodAccessorImpl.java:43)
	at java.lang.reflect.Method.invoke(Method.java:498)
	at org.junit.runners.model.FrameworkMethod$1.runReflectiveCall(FrameworkMethod.java:50)
	at org.junit.internal.runners.model.ReflectiveCallable.run(ReflectiveCallable.java:12)
	at org.junit.runners.model.FrameworkMethod.invokeExplosively(FrameworkMethod.java:47)
	at org.junit.internal.runners.statements.InvokeMethod.evaluate(InvokeMethod.java:17)
	at org.junit.internal.runners.statements.RunBefores.evaluate(RunBefores.java:26)
	at org.junit.internal.runners.statements.RunAfters.evaluate(RunAfters.java:27)
	at org.junit.runners.ParentRunner.runLeaf(ParentRunner.java:325)
	at org.junit.runners.BlockJUnit4ClassRunner.runChild(BlockJUnit4ClassRunner.java:78)
	at org.junit.runners.BlockJUnit4ClassRunner.runChild(BlockJUnit4ClassRunner.java:57)
	at org.junit.runners.ParentRunner$3.run(ParentRunner.java:290)
	at org.junit.runners.ParentRunner$1.schedule(ParentRunner.java:71)
	at org.junit.runners.ParentRunner.runChildren(ParentRunner.java:288)
	at org.junit.runners.ParentRunner.access$000(ParentRunner.java:58)
	at org.junit.runners.ParentRunner$2.evaluate(ParentRunner.java:268)
	at org.junit.runners.ParentRunner.run(ParentRunner.java:363)
	at org.junit.runner.JUnitCore.run(JUnitCore.java:137)
	at com.intellij.junit4.JUnit4IdeaTestRunner.startRunnerWithArgs(JUnit4IdeaTestRunner.java:68)
	at com.intellij.rt.execution.junit.IdeaTestRunner$Repeater.startRunnerWithArgs(IdeaTestRunner.java:51)
	at com.intellij.rt.execution.junit.JUnitStarter.prepareStreamsAndStart(JUnitStarter.java:237)
	at com.intellij.rt.execution.junit.JUnitStarter.main(JUnitStarter.java:70)
	at sun.reflect.NativeMethodAccessorImpl.invoke0(Native Method)
	at sun.reflect.NativeMethodAccessorImpl.invoke(NativeMethodAccessorImpl.java:62)
	at sun.reflect.DelegatingMethodAccessorImpl.invoke(DelegatingMethodAccessorImpl.java:43)
	at java.lang.reflect.Method.invoke(Method.java:498)
	at com.intellij.rt.execution.application.AppMain.main(AppMain.java:147)
[2017-08-30 13:58:52:298] [INFO] main com.aridity.basic.service.CustomerServiceTest CustomerServiceTest.java 81 打印日志 ,修改是否成功 ：false 
[2017-08-30 13:58:52:299] [INFO] main com.aridity.basic.utils.DatabaseHelper DatabaseHelper.java 115 打印sql 语句 insert into customer(contact,name,telephone,remark,email)VALUES(?,?,?,?,?) 
[2017-08-30 13:58:52:299] [ERROR] main com.aridity.basic.utils.DatabaseHelper DatabaseHelper.java 167 执行sql 语句异常 
java.sql.SQLException: No operations allowed after connection closed. Query: insert into customer(contact,name,telephone,remark,email)VALUES(?,?,?,?,?) Parameters: [jack@, jack, 15164521358, 15164521358@163.com test, 15164521358@163.com]
	at org.apache.commons.dbutils.AbstractQueryRunner.rethrow(AbstractQueryRunner.java:527)
	at org.apache.commons.dbutils.QueryRunner.execute(QueryRunner.java:890)
	at org.apache.commons.dbutils.QueryRunner.execute(QueryRunner.java:772)
	at com.aridity.basic.utils.DatabaseHelper.executeUpdate(DatabaseHelper.java:165)
	at com.aridity.basic.utils.DatabaseHelper.insertEntity(DatabaseHelper.java:116)
	at com.aridity.basic.service.CustomerService.createCustomer(CustomerService.java:51)
	at com.aridity.basic.service.CustomerServiceTest.testCreateCustomer(CustomerServiceTest.java:69)
	at sun.reflect.NativeMethodAccessorImpl.invoke0(Native Method)
	at sun.reflect.NativeMethodAccessorImpl.invoke(NativeMethodAccessorImpl.java:62)
	at sun.reflect.DelegatingMethodAccessorImpl.invoke(DelegatingMethodAccessorImpl.java:43)
	at java.lang.reflect.Method.invoke(Method.java:498)
	at org.junit.runners.model.FrameworkMethod$1.runReflectiveCall(FrameworkMethod.java:50)
	at org.junit.internal.runners.model.ReflectiveCallable.run(ReflectiveCallable.java:12)
	at org.junit.runners.model.FrameworkMethod.invokeExplosively(FrameworkMethod.java:47)
	at org.junit.internal.runners.statements.InvokeMethod.evaluate(InvokeMethod.java:17)
	at org.junit.internal.runners.statements.RunBefores.evaluate(RunBefores.java:26)
	at org.junit.internal.runners.statements.RunAfters.evaluate(RunAfters.java:27)
	at org.junit.runners.ParentRunner.runLeaf(ParentRunner.java:325)
	at org.junit.runners.BlockJUnit4ClassRunner.runChild(BlockJUnit4ClassRunner.java:78)
	at org.junit.runners.BlockJUnit4ClassRunner.runChild(BlockJUnit4ClassRunner.java:57)
	at org.junit.runners.ParentRunner$3.run(ParentRunner.java:290)
	at org.junit.runners.ParentRunner$1.schedule(ParentRunner.java:71)
	at org.junit.runners.ParentRunner.runChildren(ParentRunner.java:288)
	at org.junit.runners.ParentRunner.access$000(ParentRunner.java:58)
	at org.junit.runners.ParentRunner$2.evaluate(ParentRunner.java:268)
	at org.junit.runners.ParentRunner.run(ParentRunner.java:363)
	at org.junit.runner.JUnitCore.run(JUnitCore.java:137)
	at com.intellij.junit4.JUnit4IdeaTestRunner.startRunnerWithArgs(JUnit4IdeaTestRunner.java:68)
	at com.intellij.rt.execution.junit.IdeaTestRunner$Repeater.startRunnerWithArgs(IdeaTestRunner.java:51)
	at com.intellij.rt.execution.junit.JUnitStarter.prepareStreamsAndStart(JUnitStarter.java:237)
	at com.intellij.rt.execution.junit.JUnitStarter.main(JUnitStarter.java:70)
	at sun.reflect.NativeMethodAccessorImpl.invoke0(Native Method)
	at sun.reflect.NativeMethodAccessorImpl.invoke(NativeMethodAccessorImpl.java:62)
	at sun.reflect.DelegatingMethodAccessorImpl.invoke(DelegatingMethodAccessorImpl.java:43)
	at java.lang.reflect.Method.invoke(Method.java:498)
	at com.intellij.rt.execution.application.AppMain.main(AppMain.java:147)
[2017-08-30 13:58:52:300] [INFO] main com.aridity.basic.service.CustomerServiceTest CustomerServiceTest.java 70 打印日志 ,插入是否成功 ：false 
[2017-08-30 13:58:52:301] [INFO] main com.aridity.basic.utils.DatabaseHelper DatabaseHelper.java 151 打印sql 语句 delete from customer where id = ? and 
[2017-08-30 13:58:52:301] [INFO] main com.aridity.basic.utils.DatabaseHelper DatabaseHelper.java 153 打印sql 语句 delete from customer where id = ? 
[2017-08-30 13:58:52:301] [ERROR] main com.aridity.basic.utils.DatabaseHelper DatabaseHelper.java 167 执行sql 语句异常 
java.sql.SQLException: No operations allowed after connection closed. Query: delete from customer where id = ? Parameters: [4]
	at org.apache.commons.dbutils.AbstractQueryRunner.rethrow(AbstractQueryRunner.java:527)
	at org.apache.commons.dbutils.QueryRunner.execute(QueryRunner.java:890)
	at org.apache.commons.dbutils.QueryRunner.execute(QueryRunner.java:772)
	at com.aridity.basic.utils.DatabaseHelper.executeUpdate(DatabaseHelper.java:165)
	at com.aridity.basic.utils.DatabaseHelper.deleteEntity(DatabaseHelper.java:154)
	at com.aridity.basic.service.CustomerService.deleteCustomer(CustomerService.java:61)
	at com.aridity.basic.service.CustomerServiceTest.testDeleteCustomer(CustomerServiceTest.java:89)
	at sun.reflect.NativeMethodAccessorImpl.invoke0(Native Method)
	at sun.reflect.NativeMethodAccessorImpl.invoke(NativeMethodAccessorImpl.java:62)
	at sun.reflect.DelegatingMethodAccessorImpl.invoke(DelegatingMethodAccessorImpl.java:43)
	at java.lang.reflect.Method.invoke(Method.java:498)
	at org.junit.runners.model.FrameworkMethod$1.runReflectiveCall(FrameworkMethod.java:50)
	at org.junit.internal.runners.model.ReflectiveCallable.run(ReflectiveCallable.java:12)
	at org.junit.runners.model.FrameworkMethod.invokeExplosively(FrameworkMethod.java:47)
	at org.junit.internal.runners.statements.InvokeMethod.evaluate(InvokeMethod.java:17)
	at org.junit.internal.runners.statements.RunBefores.evaluate(RunBefores.java:26)
	at org.junit.internal.runners.statements.RunAfters.evaluate(RunAfters.java:27)
	at org.junit.runners.ParentRunner.runLeaf(ParentRunner.java:325)
	at org.junit.runners.BlockJUnit4ClassRunner.runChild(BlockJUnit4ClassRunner.java:78)
	at org.junit.runners.BlockJUnit4ClassRunner.runChild(BlockJUnit4ClassRunner.java:57)
	at org.junit.runners.ParentRunner$3.run(ParentRunner.java:290)
	at org.junit.runners.ParentRunner$1.schedule(ParentRunner.java:71)
	at org.junit.runners.ParentRunner.runChildren(ParentRunner.java:288)
	at org.junit.runners.ParentRunner.access$000(ParentRunner.java:58)
	at org.junit.runners.ParentRunner$2.evaluate(ParentRunner.java:268)
	at org.junit.runners.ParentRunner.run(ParentRunner.java:363)
	at org.junit.runner.JUnitCore.run(JUnitCore.java:137)
	at com.intellij.junit4.JUnit4IdeaTestRunner.startRunnerWithArgs(JUnit4IdeaTestRunner.java:68)
	at com.intellij.rt.execution.junit.IdeaTestRunner$Repeater.startRunnerWithArgs(IdeaTestRunner.java:51)
	at com.intellij.rt.execution.junit.JUnitStarter.prepareStreamsAndStart(JUnitStarter.java:237)
	at com.intellij.rt.execution.junit.JUnitStarter.main(JUnitStarter.java:70)
	at sun.reflect.NativeMethodAccessorImpl.invoke0(Native Method)
	at sun.reflect.NativeMethodAccessorImpl.invoke(NativeMethodAccessorImpl.java:62)
	at sun.reflect.DelegatingMethodAccessorImpl.invoke(DelegatingMethodAccessorImpl.java:43)
	at java.lang.reflect.Method.invoke(Method.java:498)
	at com.intellij.rt.execution.application.AppMain.main(AppMain.java:147)
[2017-08-30 13:58:52:302] [INFO] main com.aridity.basic.service.CustomerServiceTest CustomerServiceTest.java 90 打印日志 ,删除是否成功 ：false 
[2017-08-30 13:58:52:303] [ERROR] main com.aridity.basic.utils.DatabaseHelper DatabaseHelper.java 91 查询数据失败 
java.sql.SQLException: No operations allowed after connection closed. Query: select * from customer where id = ? Parameters: [{id=1}]
	at org.apache.commons.dbutils.AbstractQueryRunner.rethrow(AbstractQueryRunner.java:527)
	at org.apache.commons.dbutils.QueryRunner.query(QueryRunner.java:391)
	at org.apache.commons.dbutils.QueryRunner.query(QueryRunner.java:252)
	at com.aridity.basic.utils.DatabaseHelper.queryEntity(DatabaseHelper.java:89)
	at com.aridity.basic.service.CustomerService.getCustomer(CustomerService.java:46)
	at com.aridity.basic.service.CustomerServiceTest.testGetCustomer(CustomerServiceTest.java:54)
	at sun.reflect.NativeMethodAccessorImpl.invoke0(Native Method)
	at sun.reflect.NativeMethodAccessorImpl.invoke(NativeMethodAccessorImpl.java:62)
	at sun.reflect.DelegatingMethodAccessorImpl.invoke(DelegatingMethodAccessorImpl.java:43)
	at java.lang.reflect.Method.invoke(Method.java:498)
	at org.junit.runners.model.FrameworkMethod$1.runReflectiveCall(FrameworkMethod.java:50)
	at org.junit.internal.runners.model.ReflectiveCallable.run(ReflectiveCallable.java:12)
	at org.junit.runners.model.FrameworkMethod.invokeExplosively(FrameworkMethod.java:47)
	at org.junit.internal.runners.statements.InvokeMethod.evaluate(InvokeMethod.java:17)
	at org.junit.internal.runners.statements.RunBefores.evaluate(RunBefores.java:26)
	at org.junit.internal.runners.statements.RunAfters.evaluate(RunAfters.java:27)
	at org.junit.runners.ParentRunner.runLeaf(ParentRunner.java:325)
	at org.junit.runners.BlockJUnit4ClassRunner.runChild(BlockJUnit4ClassRunner.java:78)
	at org.junit.runners.BlockJUnit4ClassRunner.runChild(BlockJUnit4ClassRunner.java:57)
	at org.junit.runners.ParentRunner$3.run(ParentRunner.java:290)
	at org.junit.runners.ParentRunner$1.schedule(ParentRunner.java:71)
	at org.junit.runners.ParentRunner.runChildren(ParentRunner.java:288)
	at org.junit.runners.ParentRunner.access$000(ParentRunner.java:58)
	at org.junit.runners.ParentRunner$2.evaluate(ParentRunner.java:268)
	at org.junit.runners.ParentRunner.run(ParentRunner.java:363)
	at org.junit.runner.JUnitCore.run(JUnitCore.java:137)
	at com.intellij.junit4.JUnit4IdeaTestRunner.startRunnerWithArgs(JUnit4IdeaTestRunner.java:68)
	at com.intellij.rt.execution.junit.IdeaTestRunner$Repeater.startRunnerWithArgs(IdeaTestRunner.java:51)
	at com.intellij.rt.execution.junit.JUnitStarter.prepareStreamsAndStart(JUnitStarter.java:237)
	at com.intellij.rt.execution.junit.JUnitStarter.main(JUnitStarter.java:70)
	at sun.reflect.NativeMethodAccessorImpl.invoke0(Native Method)
	at sun.reflect.NativeMethodAccessorImpl.invoke(NativeMethodAccessorImpl.java:62)
	at sun.reflect.DelegatingMethodAccessorImpl.invoke(DelegatingMethodAccessorImpl.java:43)
	at java.lang.reflect.Method.invoke(Method.java:498)
	at com.intellij.rt.execution.application.AppMain.main(AppMain.java:147)
[2017-08-30 13:58:52:303] [INFO] main com.aridity.basic.service.CustomerServiceTest CustomerServiceTest.java 55 打印对象 null 
[2017-08-30 13:59:25:762] [INFO] main com.aridity.basic.service.CustomerServiceTest CustomerServiceTest.java 45 打印对象 Customer{id=2, name='123123', contact='rose', telephone='158654539654', email='rose@gmail', remark='null'} 
[2017-08-30 13:59:25:764] [INFO] main com.aridity.basic.service.CustomerServiceTest CustomerServiceTest.java 45 打印对象 Customer{id=5, name='jack', contact='jack@', telephone='15164521358', email='15164521358@163.com', remark='15164521358@163.com'} 
[2017-08-30 13:59:25:764] [INFO] main com.aridity.basic.service.CustomerServiceTest CustomerServiceTest.java 45 打印对象 Customer{id=6, name='jack', contact='jack@', telephone='15164521358', email='15164521358@163.com', remark='15164521358@163.com test'} 
[2017-08-30 13:59:54:314] [INFO] main com.aridity.basic.service.CustomerServiceTest CustomerServiceTest.java 45 打印对象 Customer{id=2, name='123123', contact='rose', telephone='158654539654', email='rose@gmail', remark='null'} 
[2017-08-30 13:59:54:316] [INFO] main com.aridity.basic.service.CustomerServiceTest CustomerServiceTest.java 45 打印对象 Customer{id=5, name='jack', contact='jack@', telephone='15164521358', email='15164521358@163.com', remark='15164521358@163.com'} 
[2017-08-30 13:59:54:317] [INFO] main com.aridity.basic.service.CustomerServiceTest CustomerServiceTest.java 45 打印对象 Customer{id=6, name='jack', contact='jack@', telephone='15164521358', email='15164521358@163.com', remark='15164521358@163.com test'} 
[2017-08-30 14:00:03:462] [INFO] main com.aridity.basic.service.CustomerServiceTest CustomerServiceTest.java 55 打印对象 null 
[2017-08-30 14:00:19:153] [INFO] main com.aridity.basic.service.CustomerServiceTest CustomerServiceTest.java 55 打印对象 null 
[2017-08-30 14:01:12:131] [INFO] main com.aridity.basic.utils.DatabaseHelper DatabaseHelper.java 90 打印查询出来的结果 null 
[2017-08-30 14:01:12:134] [INFO] main com.aridity.basic.service.CustomerServiceTest CustomerServiceTest.java 55 打印对象 null 
[2017-08-30 14:02:11:796] [INFO] main com.aridity.basic.utils.DatabaseHelper DatabaseHelper.java 90 打印查询出来的结果 null 
[2017-08-30 14:02:11:799] [INFO] main com.aridity.basic.service.CustomerServiceTest CustomerServiceTest.java 55 打印对象 null 
[2017-08-30 14:02:33:644] [INFO] main com.aridity.basic.utils.DatabaseHelper DatabaseHelper.java 90 打印查询出来的结果 null 
[2017-08-30 14:02:33:646] [INFO] main com.aridity.basic.service.CustomerServiceTest CustomerServiceTest.java 55 打印对象 null 
[2017-08-30 14:03:37:686] [INFO] main com.aridity.basic.utils.DatabaseHelper DatabaseHelper.java 90 打印查询出来的结果 null 
[2017-08-30 14:03:37:690] [INFO] main com.aridity.basic.service.CustomerServiceTest CustomerServiceTest.java 55 打印对象 null 
[2017-08-30 14:03:53:160] [INFO] main com.aridity.basic.utils.DatabaseHelper DatabaseHelper.java 90 打印查询出来的结果 null 
[2017-08-30 14:03:53:162] [INFO] main com.aridity.basic.service.CustomerServiceTest CustomerServiceTest.java 55 打印对象 null 
[2017-08-30 14:04:06:206] [INFO] main com.aridity.basic.utils.DatabaseHelper DatabaseHelper.java 90 打印查询出来的结果 null 
[2017-08-30 14:04:06:209] [INFO] main com.aridity.basic.service.CustomerServiceTest CustomerServiceTest.java 55 打印对象 null 
[2017-08-30 14:04:23:558] [INFO] main com.aridity.basic.utils.DatabaseHelper DatabaseHelper.java 90 打印查询出来的结果 null 
[2017-08-30 14:04:23:562] [INFO] main com.aridity.basic.service.CustomerServiceTest CustomerServiceTest.java 55 打印对象 null 
[2017-08-30 14:10:55:691] [INFO] main com.aridity.basic.utils.DatabaseHelper DatabaseHelper.java 90 打印查询出来的结果 null 
[2017-08-30 14:10:55:694] [INFO] main com.aridity.basic.service.CustomerServiceTest CustomerServiceTest.java 55 打印对象 null 
[2017-08-30 14:11:22:890] [INFO] main com.aridity.basic.utils.DatabaseHelper DatabaseHelper.java 90 打印查询出来的结果 null 
[2017-08-30 14:11:22:894] [INFO] main com.aridity.basic.service.CustomerServiceTest CustomerServiceTest.java 55 打印对象 null 
[2017-08-30 14:11:40:282] [INFO] main com.aridity.basic.utils.DatabaseHelper DatabaseHelper.java 116 打印sql 语句 insert into customer(contact,name,telephone,remark,email)VALUES(?,?,?,?,?) 
[2017-08-30 14:11:40:556] [INFO] main com.aridity.basic.service.CustomerServiceTest CustomerServiceTest.java 70 打印日志 ,插入是否成功 ：true 
[2017-08-30 14:11:45:230] [INFO] main com.aridity.basic.utils.DatabaseHelper DatabaseHelper.java 136 打印sql 语句 update customer set name = ? where id = ? 
[2017-08-30 14:11:45:494] [INFO] main com.aridity.basic.service.CustomerServiceTest CustomerServiceTest.java 81 打印日志 ,修改是否成功 ：true 
[2017-08-30 14:11:50:195] [INFO] main com.aridity.basic.utils.DatabaseHelper DatabaseHelper.java 152 打印sql 语句 delete from customer where id = ? and 
[2017-08-30 14:11:50:198] [INFO] main com.aridity.basic.utils.DatabaseHelper DatabaseHelper.java 154 打印sql 语句 delete from customer where id = ? 
[2017-08-30 14:11:50:450] [INFO] main com.aridity.basic.service.CustomerServiceTest CustomerServiceTest.java 90 打印日志 ,删除是否成功 ：false 
[2017-08-30 14:33:29:180] [INFO] main com.aridity.basic.utils.DatabaseHelper DatabaseHelper.java 152 打印sql 语句 delete from customer where id = ? and 
[2017-08-30 14:33:29:182] [INFO] main com.aridity.basic.utils.DatabaseHelper DatabaseHelper.java 154 打印sql 语句 delete from customer where id = ? 
[2017-08-30 14:33:29:442] [INFO] main com.aridity.basic.service.CustomerServiceTest CustomerServiceTest.java 90 打印日志 ,删除是否成功 ：false 
[2017-08-30 14:33:40:239] [ERROR] main com.aridity.basic.utils.DatabaseHelper DatabaseHelper.java 92 查询数据失败 
java.sql.SQLException: Wrong number of parameters: expected 0, was given 1 Query: select * from customer Parameters: [[5]]
	at org.apache.commons.dbutils.AbstractQueryRunner.rethrow(AbstractQueryRunner.java:527)
	at org.apache.commons.dbutils.QueryRunner.query(QueryRunner.java:391)
	at org.apache.commons.dbutils.QueryRunner.query(QueryRunner.java:252)
	at com.aridity.basic.utils.DatabaseHelper.queryEntity(DatabaseHelper.java:89)
	at com.aridity.basic.service.CustomerService.getCustomer(CustomerService.java:41)
	at com.aridity.basic.service.CustomerServiceTest.testGetCustomer(CustomerServiceTest.java:54)
	at sun.reflect.NativeMethodAccessorImpl.invoke0(Native Method)
	at sun.reflect.NativeMethodAccessorImpl.invoke(NativeMethodAccessorImpl.java:62)
	at sun.reflect.DelegatingMethodAccessorImpl.invoke(DelegatingMethodAccessorImpl.java:43)
	at java.lang.reflect.Method.invoke(Method.java:498)
	at org.junit.runners.model.FrameworkMethod$1.runReflectiveCall(FrameworkMethod.java:50)
	at org.junit.internal.runners.model.ReflectiveCallable.run(ReflectiveCallable.java:12)
	at org.junit.runners.model.FrameworkMethod.invokeExplosively(FrameworkMethod.java:47)
	at org.junit.internal.runners.statements.InvokeMethod.evaluate(InvokeMethod.java:17)
	at org.junit.internal.runners.statements.RunBefores.evaluate(RunBefores.java:26)
	at org.junit.internal.runners.statements.RunAfters.evaluate(RunAfters.java:27)
	at org.junit.runners.ParentRunner.runLeaf(ParentRunner.java:325)
	at org.junit.runners.BlockJUnit4ClassRunner.runChild(BlockJUnit4ClassRunner.java:78)
	at org.junit.runners.BlockJUnit4ClassRunner.runChild(BlockJUnit4ClassRunner.java:57)
	at org.junit.runners.ParentRunner$3.run(ParentRunner.java:290)
	at org.junit.runners.ParentRunner$1.schedule(ParentRunner.java:71)
	at org.junit.runners.ParentRunner.runChildren(ParentRunner.java:288)
	at org.junit.runners.ParentRunner.access$000(ParentRunner.java:58)
	at org.junit.runners.ParentRunner$2.evaluate(ParentRunner.java:268)
	at org.junit.runners.ParentRunner.run(ParentRunner.java:363)
	at org.junit.runner.JUnitCore.run(JUnitCore.java:137)
	at com.intellij.junit4.JUnit4IdeaTestRunner.startRunnerWithArgs(JUnit4IdeaTestRunner.java:68)
	at com.intellij.rt.execution.junit.IdeaTestRunner$Repeater.startRunnerWithArgs(IdeaTestRunner.java:51)
	at com.intellij.rt.execution.junit.JUnitStarter.prepareStreamsAndStart(JUnitStarter.java:237)
	at com.intellij.rt.execution.junit.JUnitStarter.main(JUnitStarter.java:70)
	at sun.reflect.NativeMethodAccessorImpl.invoke0(Native Method)
	at sun.reflect.NativeMethodAccessorImpl.invoke(NativeMethodAccessorImpl.java:62)
	at sun.reflect.DelegatingMethodAccessorImpl.invoke(DelegatingMethodAccessorImpl.java:43)
	at java.lang.reflect.Method.invoke(Method.java:498)
	at com.intellij.rt.execution.application.AppMain.main(AppMain.java:147)
[2017-08-30 14:33:40:245] [INFO] main com.aridity.basic.service.CustomerServiceTest CustomerServiceTest.java 55 打印对象 null 
[2017-08-30 14:34:37:820] [ERROR] main com.aridity.basic.utils.DatabaseHelper DatabaseHelper.java 92 查询数据失败 
java.sql.SQLException: Wrong number of parameters: expected 0, was given 1 Query: select * from customer Parameters: [5]
	at org.apache.commons.dbutils.AbstractQueryRunner.rethrow(AbstractQueryRunner.java:527)
	at org.apache.commons.dbutils.QueryRunner.query(QueryRunner.java:391)
	at org.apache.commons.dbutils.QueryRunner.query(QueryRunner.java:252)
	at com.aridity.basic.utils.DatabaseHelper.queryEntity(DatabaseHelper.java:89)
	at com.aridity.basic.service.CustomerService.getCustomer(CustomerService.java:41)
	at com.aridity.basic.service.CustomerServiceTest.testGetCustomer(CustomerServiceTest.java:54)
	at sun.reflect.NativeMethodAccessorImpl.invoke0(Native Method)
	at sun.reflect.NativeMethodAccessorImpl.invoke(NativeMethodAccessorImpl.java:62)
	at sun.reflect.DelegatingMethodAccessorImpl.invoke(DelegatingMethodAccessorImpl.java:43)
	at java.lang.reflect.Method.invoke(Method.java:498)
	at org.junit.runners.model.FrameworkMethod$1.runReflectiveCall(FrameworkMethod.java:50)
	at org.junit.internal.runners.model.ReflectiveCallable.run(ReflectiveCallable.java:12)
	at org.junit.runners.model.FrameworkMethod.invokeExplosively(FrameworkMethod.java:47)
	at org.junit.internal.runners.statements.InvokeMethod.evaluate(InvokeMethod.java:17)
	at org.junit.internal.runners.statements.RunBefores.evaluate(RunBefores.java:26)
	at org.junit.internal.runners.statements.RunAfters.evaluate(RunAfters.java:27)
	at org.junit.runners.ParentRunner.runLeaf(ParentRunner.java:325)
	at org.junit.runners.BlockJUnit4ClassRunner.runChild(BlockJUnit4ClassRunner.java:78)
	at org.junit.runners.BlockJUnit4ClassRunner.runChild(BlockJUnit4ClassRunner.java:57)
	at org.junit.runners.ParentRunner$3.run(ParentRunner.java:290)
	at org.junit.runners.ParentRunner$1.schedule(ParentRunner.java:71)
	at org.junit.runners.ParentRunner.runChildren(ParentRunner.java:288)
	at org.junit.runners.ParentRunner.access$000(ParentRunner.java:58)
	at org.junit.runners.ParentRunner$2.evaluate(ParentRunner.java:268)
	at org.junit.runners.ParentRunner.run(ParentRunner.java:363)
	at org.junit.runner.JUnitCore.run(JUnitCore.java:137)
	at com.intellij.junit4.JUnit4IdeaTestRunner.startRunnerWithArgs(JUnit4IdeaTestRunner.java:68)
	at com.intellij.rt.execution.junit.IdeaTestRunner$Repeater.startRunnerWithArgs(IdeaTestRunner.java:51)
	at com.intellij.rt.execution.junit.JUnitStarter.prepareStreamsAndStart(JUnitStarter.java:237)
	at com.intellij.rt.execution.junit.JUnitStarter.main(JUnitStarter.java:70)
	at sun.reflect.NativeMethodAccessorImpl.invoke0(Native Method)
	at sun.reflect.NativeMethodAccessorImpl.invoke(NativeMethodAccessorImpl.java:62)
	at sun.reflect.DelegatingMethodAccessorImpl.invoke(DelegatingMethodAccessorImpl.java:43)
	at java.lang.reflect.Method.invoke(Method.java:498)
	at com.intellij.rt.execution.application.AppMain.main(AppMain.java:147)
[2017-08-30 14:34:37:826] [INFO] main com.aridity.basic.service.CustomerServiceTest CustomerServiceTest.java 55 打印对象 null 
[2017-08-30 14:34:53:829] [INFO] main com.aridity.basic.utils.DatabaseHelper DatabaseHelper.java 90 打印查询出来的结果 Customer{id=5, name='jack', contact='jack@', telephone='15164521358', email='15164521358@163.com', remark='15164521358@163.com'} 
[2017-08-30 14:34:53:833] [INFO] main com.aridity.basic.service.CustomerServiceTest CustomerServiceTest.java 55 打印对象 Customer{id=5, name='jack', contact='jack@', telephone='15164521358', email='15164521358@163.com', remark='15164521358@163.com'} 
[2017-08-31 16:52:56:177] [INFO] http-bio-8080-exec-6 com.aridity.basic.controller.CustomerServlet CustomerServlet.java 32 获取所有列表 
[2017-08-31 16:53:20:456] [INFO] http-bio-8080-exec-10 com.aridity.basic.controller.CustomerServlet CustomerServlet.java 32 获取所有列表 
[2017-08-31 16:53:39:107] [INFO] http-bio-8080-exec-1 com.aridity.basic.controller.CustomerServlet CustomerServlet.java 32 获取所有列表 
[2017-08-31 16:54:28:097] [INFO] http-bio-8080-exec-1 com.aridity.basic.controller.CustomerServlet CustomerServlet.java 32 获取所有列表 
[2017-08-31 16:55:47:079] [INFO] http-bio-8080-exec-3 com.aridity.basic.controller.CustomerServlet CustomerServlet.java 32 获取所有列表 
[2017-08-31 16:56:37:201] [INFO] http-bio-8080-exec-1 com.aridity.basic.controller.CustomerServlet CustomerServlet.java 32 获取所有列表 
[2017-08-31 16:57:17:557] [INFO] http-bio-8080-exec-2 com.aridity.basic.controller.CustomerServlet CustomerServlet.java 32 获取所有列表 
[2017-08-31 16:59:01:901] [INFO] http-bio-8080-exec-4 com.aridity.basic.controller.CustomerServlet CustomerServlet.java 32 获取所有列表 
[2017-08-31 16:59:03:008] [INFO] http-bio-8080-exec-5 com.aridity.basic.controller.CustomerServlet CustomerServlet.java 32 获取所有列表 
[2017-08-31 16:59:03:542] [INFO] http-bio-8080-exec-6 com.aridity.basic.controller.CustomerServlet CustomerServlet.java 32 获取所有列表 
[2017-08-31 17:00:01:712] [INFO] http-bio-8080-exec-7 com.aridity.basic.controller.CustomerServlet CustomerServlet.java 32 获取所有列表 
[2017-08-31 17:00:02:290] [INFO] http-bio-8080-exec-8 com.aridity.basic.controller.CustomerServlet CustomerServlet.java 32 获取所有列表 
[2017-08-31 17:00:02:647] [INFO] http-bio-8080-exec-9 com.aridity.basic.controller.CustomerServlet CustomerServlet.java 32 获取所有列表 
[2017-08-31 17:00:02:887] [INFO] http-bio-8080-exec-10 com.aridity.basic.controller.CustomerServlet CustomerServlet.java 32 获取所有列表 
[2017-08-31 17:00:03:107] [INFO] http-bio-8080-exec-1 com.aridity.basic.controller.CustomerServlet CustomerServlet.java 32 获取所有列表 
[2017-08-31 17:00:03:108] [ERROR] http-bio-8080-exec-1 com.aridity.basic.utils.DatabaseHelper DatabaseHelper.java 84 查询数据失败 
java.sql.SQLException: Connection is null. Query: select * from customer Parameters: []
	at org.apache.commons.dbutils.AbstractQueryRunner.rethrow(AbstractQueryRunner.java:527)
	at org.apache.commons.dbutils.QueryRunner.query(QueryRunner.java:391)
	at org.apache.commons.dbutils.QueryRunner.query(QueryRunner.java:252)
	at com.aridity.basic.utils.DatabaseHelper.queryEntityList(DatabaseHelper.java:82)
	at com.aridity.basic.service.CustomerService.getCustomers(CustomerService.java:31)
	at com.aridity.basic.controller.CustomerServlet.doGet(CustomerServlet.java:33)
	at javax.servlet.http.HttpServlet.service(HttpServlet.java:621)
	at javax.servlet.http.HttpServlet.service(HttpServlet.java:728)
	at org.apache.catalina.core.ApplicationFilterChain.internalDoFilter(ApplicationFilterChain.java:305)
	at org.apache.catalina.core.ApplicationFilterChain.doFilter(ApplicationFilterChain.java:210)
	at org.apache.tomcat.websocket.server.WsFilter.doFilter(WsFilter.java:51)
	at org.apache.catalina.core.ApplicationFilterChain.internalDoFilter(ApplicationFilterChain.java:243)
	at org.apache.catalina.core.ApplicationFilterChain.doFilter(ApplicationFilterChain.java:210)
	at org.apache.catalina.core.StandardWrapperValve.invoke(StandardWrapperValve.java:222)
	at org.apache.catalina.core.StandardContextValve.invoke(StandardContextValve.java:123)
	at org.apache.catalina.authenticator.AuthenticatorBase.invoke(AuthenticatorBase.java:502)
	at org.apache.catalina.core.StandardHostValve.invoke(StandardHostValve.java:171)
	at org.apache.catalina.valves.ErrorReportValve.invoke(ErrorReportValve.java:100)
	at org.apache.catalina.valves.AccessLogValve.invoke(AccessLogValve.java:953)
	at org.apache.catalina.core.StandardEngineValve.invoke(StandardEngineValve.java:118)
	at org.apache.catalina.connector.CoyoteAdapter.service(CoyoteAdapter.java:408)
	at org.apache.coyote.http11.AbstractHttp11Processor.process(AbstractHttp11Processor.java:1041)
	at org.apache.coyote.AbstractProtocol$AbstractConnectionHandler.process(AbstractProtocol.java:603)
	at org.apache.tomcat.util.net.JIoEndpoint$SocketProcessor.run(JIoEndpoint.java:312)
	at java.util.concurrent.ThreadPoolExecutor.runWorker(ThreadPoolExecutor.java:1142)
	at java.util.concurrent.ThreadPoolExecutor$Worker.run(ThreadPoolExecutor.java:617)
	at java.lang.Thread.run(Thread.java:745)
[2017-08-31 17:00:03:343] [INFO] http-bio-8080-exec-1 com.aridity.basic.controller.CustomerServlet CustomerServlet.java 32 获取所有列表 
[2017-08-31 17:00:03:344] [ERROR] http-bio-8080-exec-1 com.aridity.basic.utils.DatabaseHelper DatabaseHelper.java 84 查询数据失败 
java.sql.SQLException: Connection is null. Query: select * from customer Parameters: []
	at org.apache.commons.dbutils.AbstractQueryRunner.rethrow(AbstractQueryRunner.java:527)
	at org.apache.commons.dbutils.QueryRunner.query(QueryRunner.java:391)
	at org.apache.commons.dbutils.QueryRunner.query(QueryRunner.java:252)
	at com.aridity.basic.utils.DatabaseHelper.queryEntityList(DatabaseHelper.java:82)
	at com.aridity.basic.service.CustomerService.getCustomers(CustomerService.java:31)
	at com.aridity.basic.controller.CustomerServlet.doGet(CustomerServlet.java:33)
	at javax.servlet.http.HttpServlet.service(HttpServlet.java:621)
	at javax.servlet.http.HttpServlet.service(HttpServlet.java:728)
	at org.apache.catalina.core.ApplicationFilterChain.internalDoFilter(ApplicationFilterChain.java:305)
	at org.apache.catalina.core.ApplicationFilterChain.doFilter(ApplicationFilterChain.java:210)
	at org.apache.tomcat.websocket.server.WsFilter.doFilter(WsFilter.java:51)
	at org.apache.catalina.core.ApplicationFilterChain.internalDoFilter(ApplicationFilterChain.java:243)
	at org.apache.catalina.core.ApplicationFilterChain.doFilter(ApplicationFilterChain.java:210)
	at org.apache.catalina.core.StandardWrapperValve.invoke(StandardWrapperValve.java:222)
	at org.apache.catalina.core.StandardContextValve.invoke(StandardContextValve.java:123)
	at org.apache.catalina.authenticator.AuthenticatorBase.invoke(AuthenticatorBase.java:502)
	at org.apache.catalina.core.StandardHostValve.invoke(StandardHostValve.java:171)
	at org.apache.catalina.valves.ErrorReportValve.invoke(ErrorReportValve.java:100)
	at org.apache.catalina.valves.AccessLogValve.invoke(AccessLogValve.java:953)
	at org.apache.catalina.core.StandardEngineValve.invoke(StandardEngineValve.java:118)
	at org.apache.catalina.connector.CoyoteAdapter.service(CoyoteAdapter.java:408)
	at org.apache.coyote.http11.AbstractHttp11Processor.process(AbstractHttp11Processor.java:1041)
	at org.apache.coyote.AbstractProtocol$AbstractConnectionHandler.process(AbstractProtocol.java:603)
	at org.apache.tomcat.util.net.JIoEndpoint$SocketProcessor.run(JIoEndpoint.java:312)
	at java.util.concurrent.ThreadPoolExecutor.runWorker(ThreadPoolExecutor.java:1142)
	at java.util.concurrent.ThreadPoolExecutor$Worker.run(ThreadPoolExecutor.java:617)
	at java.lang.Thread.run(Thread.java:745)
[2017-08-31 17:00:03:575] [INFO] http-bio-8080-exec-1 com.aridity.basic.controller.CustomerServlet CustomerServlet.java 32 获取所有列表 
[2017-08-31 17:00:03:576] [ERROR] http-bio-8080-exec-1 com.aridity.basic.utils.DatabaseHelper DatabaseHelper.java 84 查询数据失败 
java.sql.SQLException: Connection is null. Query: select * from customer Parameters: []
	at org.apache.commons.dbutils.AbstractQueryRunner.rethrow(AbstractQueryRunner.java:527)
	at org.apache.commons.dbutils.QueryRunner.query(QueryRunner.java:391)
	at org.apache.commons.dbutils.QueryRunner.query(QueryRunner.java:252)
	at com.aridity.basic.utils.DatabaseHelper.queryEntityList(DatabaseHelper.java:82)
	at com.aridity.basic.service.CustomerService.getCustomers(CustomerService.java:31)
	at com.aridity.basic.controller.CustomerServlet.doGet(CustomerServlet.java:33)
	at javax.servlet.http.HttpServlet.service(HttpServlet.java:621)
	at javax.servlet.http.HttpServlet.service(HttpServlet.java:728)
	at org.apache.catalina.core.ApplicationFilterChain.internalDoFilter(ApplicationFilterChain.java:305)
	at org.apache.catalina.core.ApplicationFilterChain.doFilter(ApplicationFilterChain.java:210)
	at org.apache.tomcat.websocket.server.WsFilter.doFilter(WsFilter.java:51)
	at org.apache.catalina.core.ApplicationFilterChain.internalDoFilter(ApplicationFilterChain.java:243)
	at org.apache.catalina.core.ApplicationFilterChain.doFilter(ApplicationFilterChain.java:210)
	at org.apache.catalina.core.StandardWrapperValve.invoke(StandardWrapperValve.java:222)
	at org.apache.catalina.core.StandardContextValve.invoke(StandardContextValve.java:123)
	at org.apache.catalina.authenticator.AuthenticatorBase.invoke(AuthenticatorBase.java:502)
	at org.apache.catalina.core.StandardHostValve.invoke(StandardHostValve.java:171)
	at org.apache.catalina.valves.ErrorReportValve.invoke(ErrorReportValve.java:100)
	at org.apache.catalina.valves.AccessLogValve.invoke(AccessLogValve.java:953)
	at org.apache.catalina.core.StandardEngineValve.invoke(StandardEngineValve.java:118)
	at org.apache.catalina.connector.CoyoteAdapter.service(CoyoteAdapter.java:408)
	at org.apache.coyote.http11.AbstractHttp11Processor.process(AbstractHttp11Processor.java:1041)
	at org.apache.coyote.AbstractProtocol$AbstractConnectionHandler.process(AbstractProtocol.java:603)
	at org.apache.tomcat.util.net.JIoEndpoint$SocketProcessor.run(JIoEndpoint.java:312)
	at java.util.concurrent.ThreadPoolExecutor.runWorker(ThreadPoolExecutor.java:1142)
	at java.util.concurrent.ThreadPoolExecutor$Worker.run(ThreadPoolExecutor.java:617)
	at java.lang.Thread.run(Thread.java:745)
[2017-08-31 17:00:03:797] [INFO] http-bio-8080-exec-1 com.aridity.basic.controller.CustomerServlet CustomerServlet.java 32 获取所有列表 
[2017-08-31 17:00:03:800] [ERROR] http-bio-8080-exec-1 com.aridity.basic.utils.DatabaseHelper DatabaseHelper.java 84 查询数据失败 
java.sql.SQLException: Connection is null. Query: select * from customer Parameters: []
	at org.apache.commons.dbutils.AbstractQueryRunner.rethrow(AbstractQueryRunner.java:527)
	at org.apache.commons.dbutils.QueryRunner.query(QueryRunner.java:391)
	at org.apache.commons.dbutils.QueryRunner.query(QueryRunner.java:252)
	at com.aridity.basic.utils.DatabaseHelper.queryEntityList(DatabaseHelper.java:82)
	at com.aridity.basic.service.CustomerService.getCustomers(CustomerService.java:31)
	at com.aridity.basic.controller.CustomerServlet.doGet(CustomerServlet.java:33)
	at javax.servlet.http.HttpServlet.service(HttpServlet.java:621)
	at javax.servlet.http.HttpServlet.service(HttpServlet.java:728)
	at org.apache.catalina.core.ApplicationFilterChain.internalDoFilter(ApplicationFilterChain.java:305)
	at org.apache.catalina.core.ApplicationFilterChain.doFilter(ApplicationFilterChain.java:210)
	at org.apache.tomcat.websocket.server.WsFilter.doFilter(WsFilter.java:51)
	at org.apache.catalina.core.ApplicationFilterChain.internalDoFilter(ApplicationFilterChain.java:243)
	at org.apache.catalina.core.ApplicationFilterChain.doFilter(ApplicationFilterChain.java:210)
	at org.apache.catalina.core.StandardWrapperValve.invoke(StandardWrapperValve.java:222)
	at org.apache.catalina.core.StandardContextValve.invoke(StandardContextValve.java:123)
	at org.apache.catalina.authenticator.AuthenticatorBase.invoke(AuthenticatorBase.java:502)
	at org.apache.catalina.core.StandardHostValve.invoke(StandardHostValve.java:171)
	at org.apache.catalina.valves.ErrorReportValve.invoke(ErrorReportValve.java:100)
	at org.apache.catalina.valves.AccessLogValve.invoke(AccessLogValve.java:953)
	at org.apache.catalina.core.StandardEngineValve.invoke(StandardEngineValve.java:118)
	at org.apache.catalina.connector.CoyoteAdapter.service(CoyoteAdapter.java:408)
	at org.apache.coyote.http11.AbstractHttp11Processor.process(AbstractHttp11Processor.java:1041)
	at org.apache.coyote.AbstractProtocol$AbstractConnectionHandler.process(AbstractProtocol.java:603)
	at org.apache.tomcat.util.net.JIoEndpoint$SocketProcessor.run(JIoEndpoint.java:312)
	at java.util.concurrent.ThreadPoolExecutor.runWorker(ThreadPoolExecutor.java:1142)
	at java.util.concurrent.ThreadPoolExecutor$Worker.run(ThreadPoolExecutor.java:617)
	at java.lang.Thread.run(Thread.java:745)
[2017-08-31 17:00:06:256] [INFO] http-bio-8080-exec-1 com.aridity.basic.controller.CustomerServlet CustomerServlet.java 32 获取所有列表 
[2017-08-31 17:00:06:257] [ERROR] http-bio-8080-exec-1 com.aridity.basic.utils.DatabaseHelper DatabaseHelper.java 84 查询数据失败 
java.sql.SQLException: Connection is null. Query: select * from customer Parameters: []
	at org.apache.commons.dbutils.AbstractQueryRunner.rethrow(AbstractQueryRunner.java:527)
	at org.apache.commons.dbutils.QueryRunner.query(QueryRunner.java:391)
	at org.apache.commons.dbutils.QueryRunner.query(QueryRunner.java:252)
	at com.aridity.basic.utils.DatabaseHelper.queryEntityList(DatabaseHelper.java:82)
	at com.aridity.basic.service.CustomerService.getCustomers(CustomerService.java:31)
	at com.aridity.basic.controller.CustomerServlet.doGet(CustomerServlet.java:33)
	at javax.servlet.http.HttpServlet.service(HttpServlet.java:621)
	at javax.servlet.http.HttpServlet.service(HttpServlet.java:728)
	at org.apache.catalina.core.ApplicationFilterChain.internalDoFilter(ApplicationFilterChain.java:305)
	at org.apache.catalina.core.ApplicationFilterChain.doFilter(ApplicationFilterChain.java:210)
	at org.apache.tomcat.websocket.server.WsFilter.doFilter(WsFilter.java:51)
	at org.apache.catalina.core.ApplicationFilterChain.internalDoFilter(ApplicationFilterChain.java:243)
	at org.apache.catalina.core.ApplicationFilterChain.doFilter(ApplicationFilterChain.java:210)
	at org.apache.catalina.core.StandardWrapperValve.invoke(StandardWrapperValve.java:222)
	at org.apache.catalina.core.StandardContextValve.invoke(StandardContextValve.java:123)
	at org.apache.catalina.authenticator.AuthenticatorBase.invoke(AuthenticatorBase.java:502)
	at org.apache.catalina.core.StandardHostValve.invoke(StandardHostValve.java:171)
	at org.apache.catalina.valves.ErrorReportValve.invoke(ErrorReportValve.java:100)
	at org.apache.catalina.valves.AccessLogValve.invoke(AccessLogValve.java:953)
	at org.apache.catalina.core.StandardEngineValve.invoke(StandardEngineValve.java:118)
	at org.apache.catalina.connector.CoyoteAdapter.service(CoyoteAdapter.java:408)
	at org.apache.coyote.http11.AbstractHttp11Processor.process(AbstractHttp11Processor.java:1041)
	at org.apache.coyote.AbstractProtocol$AbstractConnectionHandler.process(AbstractProtocol.java:603)
	at org.apache.tomcat.util.net.JIoEndpoint$SocketProcessor.run(JIoEndpoint.java:312)
	at java.util.concurrent.ThreadPoolExecutor.runWorker(ThreadPoolExecutor.java:1142)
	at java.util.concurrent.ThreadPoolExecutor$Worker.run(ThreadPoolExecutor.java:617)
	at java.lang.Thread.run(Thread.java:745)
[2017-08-31 17:00:34:088] [INFO] http-bio-8080-exec-1 com.aridity.basic.controller.CustomerServlet CustomerServlet.java 32 获取所有列表 
[2017-08-31 17:00:34:089] [ERROR] http-bio-8080-exec-1 com.aridity.basic.utils.DatabaseHelper DatabaseHelper.java 84 查询数据失败 
java.sql.SQLException: Connection is null. Query: select * from customer Parameters: []
	at org.apache.commons.dbutils.AbstractQueryRunner.rethrow(AbstractQueryRunner.java:527)
	at org.apache.commons.dbutils.QueryRunner.query(QueryRunner.java:391)
	at org.apache.commons.dbutils.QueryRunner.query(QueryRunner.java:252)
	at com.aridity.basic.utils.DatabaseHelper.queryEntityList(DatabaseHelper.java:82)
	at com.aridity.basic.service.CustomerService.getCustomers(CustomerService.java:31)
	at com.aridity.basic.controller.CustomerServlet.doGet(CustomerServlet.java:33)
	at javax.servlet.http.HttpServlet.service(HttpServlet.java:621)
	at javax.servlet.http.HttpServlet.service(HttpServlet.java:728)
	at org.apache.catalina.core.ApplicationFilterChain.internalDoFilter(ApplicationFilterChain.java:305)
	at org.apache.catalina.core.ApplicationFilterChain.doFilter(ApplicationFilterChain.java:210)
	at org.apache.tomcat.websocket.server.WsFilter.doFilter(WsFilter.java:51)
	at org.apache.catalina.core.ApplicationFilterChain.internalDoFilter(ApplicationFilterChain.java:243)
	at org.apache.catalina.core.ApplicationFilterChain.doFilter(ApplicationFilterChain.java:210)
	at org.apache.catalina.core.StandardWrapperValve.invoke(StandardWrapperValve.java:222)
	at org.apache.catalina.core.StandardContextValve.invoke(StandardContextValve.java:123)
	at org.apache.catalina.authenticator.AuthenticatorBase.invoke(AuthenticatorBase.java:502)
	at org.apache.catalina.core.StandardHostValve.invoke(StandardHostValve.java:171)
	at org.apache.catalina.valves.ErrorReportValve.invoke(ErrorReportValve.java:100)
	at org.apache.catalina.valves.AccessLogValve.invoke(AccessLogValve.java:953)
	at org.apache.catalina.core.StandardEngineValve.invoke(StandardEngineValve.java:118)
	at org.apache.catalina.connector.CoyoteAdapter.service(CoyoteAdapter.java:408)
	at org.apache.coyote.http11.AbstractHttp11Processor.process(AbstractHttp11Processor.java:1041)
	at org.apache.coyote.AbstractProtocol$AbstractConnectionHandler.process(AbstractProtocol.java:603)
	at org.apache.tomcat.util.net.JIoEndpoint$SocketProcessor.run(JIoEndpoint.java:312)
	at java.util.concurrent.ThreadPoolExecutor.runWorker(ThreadPoolExecutor.java:1142)
	at java.util.concurrent.ThreadPoolExecutor$Worker.run(ThreadPoolExecutor.java:617)
	at java.lang.Thread.run(Thread.java:745)
[2017-08-31 17:01:26:324] [INFO] http-bio-8080-exec-1 com.aridity.basic.controller.CustomerServlet CustomerServlet.java 32 获取所有列表 
[2017-08-31 17:03:28:362] [INFO] http-bio-8080-exec-3 com.aridity.basic.controller.CustomerServlet CustomerServlet.java 32 获取所有列表 
